10-Apr-2017 15:39:07.108 INFO [main] org.apache.catalina.startup.VersionLoggerListener.log Server version:        Apache Tomcat/9.0.0.M17
10-Apr-2017 15:39:07.110 INFO [main] org.apache.catalina.startup.VersionLoggerListener.log Server built:          Jan 10 2017 20:59:20 UTC
10-Apr-2017 15:39:07.110 INFO [main] org.apache.catalina.startup.VersionLoggerListener.log Server number:         9.0.0.0
10-Apr-2017 15:39:07.110 INFO [main] org.apache.catalina.startup.VersionLoggerListener.log OS Name:               Linux
10-Apr-2017 15:39:07.110 INFO [main] org.apache.catalina.startup.VersionLoggerListener.log OS Version:            4.4.0-66-generic
10-Apr-2017 15:39:07.110 INFO [main] org.apache.catalina.startup.VersionLoggerListener.log Architecture:          amd64
10-Apr-2017 15:39:07.110 INFO [main] org.apache.catalina.startup.VersionLoggerListener.log Java Home:             /home/arxemond777/Programms/JDK/jdk1.8.0_112/jre
10-Apr-2017 15:39:07.110 INFO [main] org.apache.catalina.startup.VersionLoggerListener.log JVM Version:           1.8.0_112-b15
10-Apr-2017 15:39:07.111 INFO [main] org.apache.catalina.startup.VersionLoggerListener.log JVM Vendor:            Oracle Corporation
10-Apr-2017 15:39:07.111 INFO [main] org.apache.catalina.startup.VersionLoggerListener.log CATALINA_BASE:         /home/arxemond777/.IntelliJIdea2016.3/system/tomcat/Unnamed_Project
10-Apr-2017 15:39:07.111 INFO [main] org.apache.catalina.startup.VersionLoggerListener.log CATALINA_HOME:         /home/arxemond777/IdeaProjects/Project/apache-tomcat-9.0.0.M17
10-Apr-2017 15:39:07.111 INFO [main] org.apache.catalina.startup.VersionLoggerListener.log Command line argument: -Djava.util.logging.config.file=/home/arxemond777/.IntelliJIdea2016.3/system/tomcat/Unnamed_Project/conf/logging.properties
10-Apr-2017 15:39:07.111 INFO [main] org.apache.catalina.startup.VersionLoggerListener.log Command line argument: -Djava.util.logging.manager=org.apache.juli.ClassLoaderLogManager
10-Apr-2017 15:39:07.111 INFO [main] org.apache.catalina.startup.VersionLoggerListener.log Command line argument: -Dcom.sun.management.jmxremote=
10-Apr-2017 15:39:07.111 INFO [main] org.apache.catalina.startup.VersionLoggerListener.log Command line argument: -Dcom.sun.management.jmxremote.port=1099
10-Apr-2017 15:39:07.111 INFO [main] org.apache.catalina.startup.VersionLoggerListener.log Command line argument: -Dcom.sun.management.jmxremote.ssl=false
10-Apr-2017 15:39:07.111 INFO [main] org.apache.catalina.startup.VersionLoggerListener.log Command line argument: -Dcom.sun.management.jmxremote.authenticate=false
10-Apr-2017 15:39:07.111 INFO [main] org.apache.catalina.startup.VersionLoggerListener.log Command line argument: -Djava.rmi.server.hostname=127.0.0.1
10-Apr-2017 15:39:07.111 INFO [main] org.apache.catalina.startup.VersionLoggerListener.log Command line argument: -Djdk.tls.ephemeralDHKeySize=2048
10-Apr-2017 15:39:07.111 INFO [main] org.apache.catalina.startup.VersionLoggerListener.log Command line argument: -Djava.protocol.handler.pkgs=org.apache.catalina.webresources
10-Apr-2017 15:39:07.112 INFO [main] org.apache.catalina.startup.VersionLoggerListener.log Command line argument: -Dcatalina.base=/home/arxemond777/.IntelliJIdea2016.3/system/tomcat/Unnamed_Project
10-Apr-2017 15:39:07.112 INFO [main] org.apache.catalina.startup.VersionLoggerListener.log Command line argument: -Dcatalina.home=/home/arxemond777/IdeaProjects/Project/apache-tomcat-9.0.0.M17
10-Apr-2017 15:39:07.112 INFO [main] org.apache.catalina.startup.VersionLoggerListener.log Command line argument: -Djava.io.tmpdir=/home/arxemond777/IdeaProjects/Project/apache-tomcat-9.0.0.M17/temp
10-Apr-2017 15:39:07.112 INFO [main] org.apache.catalina.core.AprLifecycleListener.lifecycleEvent The APR based Apache Tomcat Native library which allows optimal performance in production environments was not found on the java.library.path: /home/arxemond777/Programms/IDE/IntelliJ/bin::/usr/java/packages/lib/amd64:/usr/lib64:/lib64:/lib:/usr/lib
10-Apr-2017 15:39:07.232 INFO [main] org.apache.coyote.AbstractProtocol.init Initializing ProtocolHandler ["http-nio-8080"]
10-Apr-2017 15:39:07.239 INFO [main] org.apache.tomcat.util.net.NioSelectorPool.getSharedSelector Using a shared selector for servlet write/read
10-Apr-2017 15:39:07.241 INFO [main] org.apache.coyote.AbstractProtocol.init Initializing ProtocolHandler ["ajp-nio-8009"]
10-Apr-2017 15:39:07.242 INFO [main] org.apache.tomcat.util.net.NioSelectorPool.getSharedSelector Using a shared selector for servlet write/read
10-Apr-2017 15:39:07.242 INFO [main] org.apache.catalina.startup.Catalina.load Initialization processed in 294 ms
10-Apr-2017 15:39:07.253 INFO [main] org.apache.catalina.core.StandardService.startInternal Starting service Catalina
10-Apr-2017 15:39:07.253 INFO [main] org.apache.catalina.core.StandardEngine.startInternal Starting Servlet Engine: Apache Tomcat/9.0.0.M17
10-Apr-2017 15:39:07.258 INFO [main] org.apache.coyote.AbstractProtocol.start Starting ProtocolHandler [http-nio-8080]
10-Apr-2017 15:39:07.264 INFO [main] org.apache.coyote.AbstractProtocol.start Starting ProtocolHandler [ajp-nio-8009]
10-Apr-2017 15:39:07.265 INFO [main] org.apache.catalina.startup.Catalina.start Server startup in 23 ms
Connected to server
10-Apr-2017 15:39:07.769 INFO [RMI TCP Connection(2)-127.0.0.1] org.apache.jasper.servlet.TldScanner.scanJars At least one JAR was scanned for TLDs yet contained no TLDs. Enable debug logging for this logger for a complete list of JARs that were scanned but no TLDs were found in them. Skipping unneeded JARs during scanning can improve startup time and JSP compilation time.
Connecting to database...
Creating statement...
Connecting to database...
Creating statement...
10-Apr-2017 15:39:17.259 INFO [localhost-startStop-1] org.apache.catalina.startup.HostConfig.deployDirectory Deploying web application directory /home/arxemond777/IdeaProjects/Project/apache-tomcat-9.0.0.M17/webapps/manager
10-Apr-2017 15:39:17.276 INFO [localhost-startStop-1] org.apache.catalina.startup.HostConfig.deployDirectory Deployment of web application directory /home/arxemond777/IdeaProjects/Project/apache-tomcat-9.0.0.M17/webapps/manager has finished in 16 ms
Connecting to database...
Creating statement...
Connecting to database...
Creating statement...
Connecting to database...
Creating statement...
Connecting to database...
Creating statement...
02-May-2017 10:53:59.060 INFO [main] org.apache.catalina.core.StandardServer.await A valid shutdown command was received via the shutdown port. Stopping the Server instance.
02-May-2017 10:53:59.075 INFO [main] org.apache.coyote.AbstractProtocol.pause Pausing ProtocolHandler ["http-nio-8080"]
02-May-2017 10:53:59.140 INFO [main] org.apache.coyote.AbstractProtocol.pause Pausing ProtocolHandler ["ajp-nio-8009"]
02-May-2017 10:53:59.191 INFO [main] org.apache.catalina.core.StandardService.stopInternal Stopping service Catalina
02-May-2017 10:53:59.229 WARNING [localhost-startStop-2] org.apache.catalina.loader.WebappClassLoaderBase.clearReferencesJdbc The web application [ROOT] registered the JDBC driver [com.mysql.jdbc.Driver] but failed to unregister it when the web application was stopped. To prevent a memory leak, the JDBC Driver has been forcibly unregistered.
02-May-2017 10:53:59.232 WARNING [localhost-startStop-2] org.apache.catalina.loader.WebappClassLoaderBase.clearReferencesThreads The web application [ROOT] appears to have started a thread named [Abandoned connection cleanup thread] but has failed to stop it. This is very likely to create a memory leak. Stack trace of thread:
 java.lang.Object.wait(Native Method)
 java.lang.ref.ReferenceQueue.remove(ReferenceQueue.java:143)
 com.mysql.jdbc.AbandonedConnectionCleanupThread.run(AbandonedConnectionCleanupThread.java:43)
02-May-2017 10:53:59.258 INFO [main] org.apache.coyote.AbstractProtocol.stop Stopping ProtocolHandler ["http-nio-8080"]
02-May-2017 10:53:59.266 INFO [main] org.apache.coyote.AbstractProtocol.stop Stopping ProtocolHandler ["ajp-nio-8009"]
02-May-2017 10:53:59.269 INFO [main] org.apache.coyote.AbstractProtocol.destroy Destroying ProtocolHandler ["http-nio-8080"]
02-May-2017 10:53:59.272 INFO [main] org.apache.coyote.AbstractProtocol.destroy Destroying ProtocolHandler ["ajp-nio-8009"]
Disconnected from server
